This job can be monitored from: https://scruffy.c3se.chalmers.se/d/alvis-job/alvis-job?var-jobid=1961360&from=1708681056000
/tmp/slurmd/job1961360/slurm_script: line 14: [1: command not found
Epoch 0
Epoch 1
Epoch 2
Epoch 3
Epoch 4
Epoch 5
Epoch 6
Epoch 7
Epoch 8
Epoch 9
Epoch 10
Epoch 11
Epoch 12
Epoch 13
Epoch 14
Epoch 15
Epoch 16
Epoch 17
Epoch 18
Epoch 19
Epoch 20
Epoch 21
Epoch 22
Epoch 23
Epoch 24
Epoch 25
Epoch 26
Epoch 27
Epoch 28
Epoch 29
Epoch 30
Epoch 31
Epoch 32
Epoch 33
Epoch 34
Epoch 35
Epoch 36
Epoch 37
Epoch 38
Epoch 39
Epoch 40
Epoch 41
Epoch 42
Epoch 43
Epoch 44
Epoch 45
Epoch 46
Epoch 47
Epoch 48
Epoch 49
Epoch 50
Epoch 51
Epoch 52
Epoch 53
Epoch 54
Epoch 55
Epoch 56
Epoch 57
Epoch 58
Epoch 59
Epoch 60
Epoch 61
Epoch 62
Epoch 63
Epoch 64
Epoch 65
Epoch 66
Epoch 67
Epoch 68
Epoch 69
Epoch 70
Epoch 71
Epoch 72
Epoch 73
Epoch 74
Epoch 75
Epoch 76
Epoch 77
Epoch 78
Epoch 79
Epoch 80
Epoch 81
Epoch 82
Epoch 83
Epoch 84
Epoch 85
Epoch 86
Epoch 87
Epoch 88
Epoch 89
Epoch 90
Epoch 91
Epoch 92
Epoch 93
Epoch 94
Epoch 95
Epoch 96
Epoch 97
Epoch 98
Epoch 99
Epoch 99
Epoch 100
Epoch 101
Epoch 102
Epoch 103
Epoch 104
Epoch 105
Epoch 106
Epoch 107
Epoch 108
Epoch 109
Epoch 110
Epoch 111
Epoch 112
Epoch 113
Epoch 114
Epoch 115
Epoch 116
Epoch 117
Epoch 118
Epoch 119
Epoch 120
Epoch 121
Epoch 122
Epoch 123
Epoch 124
Epoch 125
Epoch 126
Epoch 127
Epoch 128
Epoch 129
Epoch 130
Epoch 131
Epoch 132
Epoch 133
Epoch 134
Epoch 135
Epoch 136
Epoch 137
Epoch 138
Epoch 139
Epoch 140
Epoch 141
Epoch 142
Epoch 143
Epoch 144
Epoch 145
Epoch 146
Epoch 147
Epoch 148
Epoch 149
Epoch 150
Epoch 151
Epoch 152
Epoch 153
Epoch 154
Epoch 155
Epoch 156
Epoch 157
Epoch 158
Epoch 159
Epoch 160
Epoch 161
Epoch 162
Epoch 163
Epoch 164
Epoch 165
Epoch 166
Epoch 167
Epoch 168
Epoch 169
Epoch 170
Epoch 171
Epoch 172
Epoch 173
Epoch 174
Epoch 175
Epoch 176
Epoch 177
Epoch 178
Epoch 179
Epoch 180
Epoch 181
Epoch 182
Epoch 183
Epoch 184
Epoch 185
Epoch 186
Epoch 187
Epoch 188
Epoch 189
Epoch 190
Epoch 191
Epoch 192
Epoch 193
No edges?
[]
[]
[]
Epoch 194
Epoch 195
Epoch 196
Epoch 197
Epoch 198
Epoch 199
[879.8033436722404, 857.5144994980308, 847.9539215116336, 824.8399482608886, 813.5863465905263, 787.2945148706815, 784.1761957467427, 780.5691515768397, 766.8044425109127, 758.8940792671459, 752.9956798178259, 742.6052237073199, 733.1496127517247, 725.8620349747872, 718.7061240877991, 704.7460566965501, 702.1651824391364, 696.7810497092775, 695.665144341391, 683.1506909740513, 684.9448456963356, 673.2243210574562, 661.901269754144, 663.5934567883559, 650.3320975467318, 643.5326190489351, 644.6564946849824, 631.293773430595, 627.2682238828967, 620.5223986890197, 615.2859947922389, 609.6416217322942, 599.8792205175158, 599.3373327656494, 587.68560953854, 585.0609177686761, 580.2416463515316, 573.8883983204223, 571.053854073887, 560.0887954801129, 558.199607559037, 552.8534169094345, 549.7011235491702, 538.3716883210185, 531.8029740044901, 530.434573902717, 527.8216816006402, 526.981891472464, 518.1016541527681, 511.3284375521026, 504.6554641529575, 498.36179966355587, 497.7696783765509, 496.48878613734246, 489.8115686285827, 483.9826050444392, 481.93095554630315, 473.9825057082009, 465.18198005596713, 469.1710426911664, 461.3727057841527, 454.11411643949543, 453.70750280124594, 450.31817428694904, 446.5061470060876, 443.21471683280384, 440.0066462352043, 430.0405342024821, 427.3093084930316, 423.95516749785526, 416.9649140419401, 415.74552116454294, 415.14297716620433, 407.10712262422277, 406.75857513477416, 400.3857178295069, 400.3079354463043, 393.5161030780464, 393.97414062144287, 379.0119363656097, 379.33161979737775, 380.89286824435953, 377.7720199515553, 371.92367018410727, 368.87807721985774, 362.5406412810782, 360.2033825325756, 357.2937626684264, 350.9374929935544, 353.5111895445211, 349.9650543405488, 345.0875505577929, 339.5008668540882, 335.5660520354097, 333.4782016080807, 332.451295224086, 329.0799030449837, 324.54767156276034, 323.34795978423824, 322.16227309768266, 0.2659137330289559, 0.2667369278306067, 0.2657347722169914, 0.2617520344662518, 0.2650706248503711, 0.2687347173610778, 0.2643522156344501, 0.26069880499077996, 0.2612314002289203, 0.2588602279544091, 0.2601380500431406, 0.25916394073503946, 0.2575642064134941, 0.2625690276110444, 0.2622636994496291, 0.2609953842106522, 0.2611172275142406, 0.26048448870164687, 0.260096659967461, 0.25718914540299714, 0.2565674045232773, 0.26564191383416325, 0.25783063338996437, 0.25631968473663974, 0.2584851390220518, 0.2597458539737239, 0.25922190201729106, 0.25185951905254794, 0.25552314460596787, 0.26011740001908945, 0.2620571813631113, 0.25817931623526064, 0.25570403781099305, 0.255210220000483, 0.25958680855143323, 0.25760346487006736, 0.25635583114715, 0.2551439341192288, 0.25876556140058554, 0.2569451119869268, 0.26036253921122576, 0.2571606326721064, 0.2548106765983861, 0.2582097774797001, 0.2582719709285646, 0.256199538638985, 0.25749537914976356, 0.2596326971552035, 0.2567867631258506, 0.25668896321070234, 0.25470608059313465, 0.2543054923471221, 0.2587062280236983, 0.25142583273424396, 0.25597521744310736, 0.25201295916908856, 0.24818179650428024, 0.2564896403905692, 0.2554240396294268, 0.257751984460059, 0.2577156042688203, 0.2564411849850429, 0.2570698425709395, 0.2545585240206062, 0.25322507026689406, 0.25462752872053307, 0.2559194195149895, 0.2522174809416503, 0.2566274284620538, 0.2580722143999236, 0.25212307840354126, 0.2564127037151924, 0.2497952497952498, 0.25684296685042973, 0.25511758545177565, 0.2569479353680431, 0.2532788647602666, 0.2535968643946274, 0.24600677347296615, 0.2520272227048943, 0.25531151306345107, 0.25454415342779446, 0.2543804755944931, 0.25262856050468363, 0.2545637970791699, 0.25423159913689763, 0.2543590980344869, 0.25155062145529145, 0.2509599103288736, 0.25415262541526257, 0.2530297989639276, 0.25460829493087556, 0.25296980105910977, 0.25542411035011253, 0.2498746567983765, 0.253047680877155, 0.2548487758041287, 0.2516626251470553, 0.2522042881233438, 0.2502527075812274, 0.2518861617801547]
[0.7306, 0.7267, 0.7528, 0.8262, 0.9452, 0.9113, 0.9042, 0.9022, 0.8959, 0.891, 0.8869, 0.8826, 0.8825, 0.8825, 0.8824, 0.8824, 0.8824, 0.8824, 0.8823, 0.8821, 0.8821, 0.8821, 0.8821, 0.8821, 0.8821, 0.8821, 0.8821, 0.8821, 0.8821, 0.8821, 0.8821, 0.8821, 0.8821, 0.8821, 0.8821, 0.8821, 0.8821, 0.8822, 0.8822, 0.8822, 0.8823, 0.8823, 0.8824, 0.8824, 0.8824, 0.8824, 0.8824, 0.8824, 0.8824, 0.8824, 0.8824, 0.8823, 0.8824, 0.8824, 0.8824, 0.8824, 0.8824, 0.8824, 0.8823, 0.8823, 0.8823, 0.8823, 0.8823, 0.8823, 0.8823, 0.8823, 0.8823, 0.8822, 0.8822, 0.8822, 0.8822, 0.8822, 0.8822, 0.8822, 0.8822, 0.8822, 0.8822, 0.8822, 0.8822, 0.8822, 0.8822, 0.8822, 0.8822, 0.8822, 0.8822, 0.8823, 0.8823, 0.8825, 0.8824, 0.8825, 0.8825, 0.8825, 0.8825, 0.8825, 0.8825, 0.8826, 0.8826, 0.8826, 0.8826, 0.8826, 0.8897, 0.8898, 0.8893, 0.8894, 0.8894, 0.8898, 0.891, 0.8911, 0.8913, 0.8912, 0.8914, 0.8913, 0.8913, 0.8914, 0.8914, 0.8913, 0.8913, 0.8935, 0.8934, 0.8932, 0.8912, 0.8911, 0.8912, 0.8911, 0.891, 0.8929, 0.891, 0.891, 0.8932, 0.891, 0.8933, 0.8929, 0.8931, 0.8912, 0.8935, 0.8935, 0.8911, 0.8933, 0.8909, 0.891, 0.8918, 0.8931, 0.893, 0.8912, 0.8931, 0.8912, 0.893, 0.8928, 0.8959, 0.8933, 0.8932, 0.8932, 0.8936, 0.8909, 0.8932, 0.8932, 0.8932, 0.893, 0.8934, 0.8936, 0.8917, 0.8942, 0.8935, 0.8936, 0.8934, 0.8922, 0.8943, 0.8923, 0.8943, 0.8938, 0.8933, 0.8953, 0.8935, 0.8931, 0.8935, 0.893, 0.8939, 0.8948, 0.8941, 0.8933, 0.8928, 0.893, 0.8975, 0.8934, 0.8956, 0.8935, 0.8935, 0.8978, 0.8944, 0.8968, 0.8943, 0.8951, 0.896, 0.8961, 0.8962, 0.8943, 0.8943, 0.8932, 0.8941, 0.8965, 0.8947]
