This job can be monitored from: https://scruffy.c3se.chalmers.se/d/alvis-job/alvis-job?var-jobid=1961358&from=1708680995000
/tmp/slurmd/job1961358/slurm_script: line 14: [1: command not found
Epoch 0
Epoch 1
Epoch 2
Epoch 3
Epoch 4
Epoch 5
Epoch 6
Epoch 7
Epoch 8
Epoch 9
Epoch 10
Epoch 11
Epoch 12
Epoch 13
Epoch 14
Epoch 15
Epoch 16
Epoch 17
Epoch 18
Epoch 19
Epoch 20
Epoch 21
Epoch 22
Epoch 23
Epoch 24
Epoch 25
Epoch 26
Epoch 27
Epoch 28
Epoch 29
Epoch 30
Epoch 31
Epoch 32
Epoch 33
Epoch 34
Epoch 35
Epoch 36
Epoch 37
Epoch 38
Epoch 39
Epoch 40
Epoch 41
Epoch 42
Epoch 43
Epoch 44
Epoch 45
Epoch 46
Epoch 47
Epoch 48
Epoch 49
Epoch 50
Epoch 51
Epoch 52
Epoch 53
Epoch 54
Epoch 55
Epoch 56
Epoch 57
Epoch 58
Epoch 59
Epoch 60
Epoch 61
Epoch 62
Epoch 63
Epoch 64
Epoch 65
Epoch 66
Epoch 67
Epoch 68
Epoch 69
Epoch 70
Epoch 71
Epoch 72
Epoch 73
Epoch 74
Epoch 75
Epoch 76
Epoch 77
Epoch 78
Epoch 79
Epoch 80
Epoch 81
Epoch 82
Epoch 83
Epoch 84
Epoch 85
Epoch 86
Epoch 87
Epoch 88
Epoch 89
Epoch 90
Epoch 91
Epoch 92
Epoch 93
Epoch 94
Epoch 95
Epoch 96
Epoch 97
Epoch 98
Epoch 99
[0.43290659080132765, 0.4470284237726098, 0.4691538649109973, 0.5464159811985899, 0.7039825157843613, 0.7431603773584906, 0.7457212713936431, 0.7266326778344259, 0.7095614665708123, 0.7083732057416268, 0.6974689589302769, 0.7014783023366714, 0.6857211193494379, 0.686076543789622, 0.691975012013455, 0.6904017320182824, 0.6896230805025594, 0.6947551578424062, 0.675136547138447, 0.6959553695955369, 0.6945894636924538, 0.6821351286366916, 0.7052009456264775, 0.692088382038489, 0.6824933041149257, 0.6964671953857245, 0.6902200488997555, 0.6801541425818882, 0.6868563021088769, 0.6954841825645979, 0.707484604452866, 0.743702616776718, 0.7658767772511849, 0.7970736387622931, 0.7847609803445765, 0.7538095238095238, 0.6803199224430441, 0.6845508982035928, 0.672183908045977, 0.6808355598736945, 0.6912322274881516, 0.6829151732377539, 0.6850393700787402, 0.6692397660818713, 0.706308919506889, 0.6991927825261158, 0.6951190189949507, 0.706821480406386, 0.6984050265828903, 0.7100890922224897, 0.7195589645254075, 0.7449470644850819, 0.764050272705715, 0.7326803631151457, 0.7297231665857212, 0.7271010387157696, 0.7761904761904762, 0.7901293723047437, 0.7741935483870968, 0.7394937917860553, 0.707435214337612, 0.6940572267057961, 0.6896551724137931, 0.6958824945822297, 0.6834446564885496, 0.6860911270983213, 0.6866570327552987, 0.6993983152827918, 0.694047619047619, 0.6843230403800475, 0.6848798869524259, 0.6801736613603473, 0.6866650473645859, 0.6785714285714286, 0.6839577329490875, 0.6776740847092606, 0.6840344168260039, 0.6774193548387096, 0.6786916786916787, 0.683547313361864, 0.6826923076923077, 0.6754807692307693, 0.6794539891739233, 0.6877141458639257, 0.6857142857142857, 0.6712852365026278, 0.6852068240243048, 0.6998110533774209, 0.6792767071139663, 0.6771971496437055, 0.680444766739183, 0.6756501182033097, 0.6862977914984564, 0.6826462128475551, 0.6865497076023391, 0.6808359059605794, 0.6890817064352857, 0.6836759371221282, 0.6856657773465923, 0.6787479406919276]
[0.833, 0.816, 0.796, 0.748, 0.714, 0.705, 0.715, 0.714, 0.724, 0.721, 0.726, 0.73, 0.729, 0.734, 0.734, 0.735, 0.737, 0.737, 0.739, 0.736, 0.735, 0.737, 0.737, 0.734, 0.736, 0.737, 0.738, 0.733, 0.731, 0.73, 0.718, 0.706, 0.69, 0.692, 0.692, 0.735, 0.74, 0.74, 0.741, 0.739, 0.739, 0.738, 0.738, 0.736, 0.73, 0.738, 0.735, 0.733, 0.745, 0.725, 0.714, 0.709, 0.709, 0.721, 0.725, 0.703, 0.699, 0.698, 0.702, 0.723, 0.739, 0.739, 0.739, 0.74, 0.74, 0.74, 0.741, 0.741, 0.743, 0.739, 0.738, 0.738, 0.739, 0.74, 0.74, 0.74, 0.739, 0.739, 0.74, 0.74, 0.74, 0.741, 0.741, 0.74, 0.74, 0.741, 0.741, 0.74, 0.74, 0.741, 0.741, 0.741, 0.741, 0.742, 0.742, 0.742, 0.74, 0.74, 0.741, 0.74]
