This job can be monitored from: https://scruffy.c3se.chalmers.se/d/alvis-job/alvis-job?var-jobid=1962153&from=1708694336000
Using using default config file
Epoch 0
Epoch 1
Epoch 2
Epoch 3
Epoch 4
Epoch 5
Epoch 6
Epoch 7
Epoch 8
Epoch 9
Epoch 10
Epoch 11
Epoch 12
Epoch 13
Epoch 14
Epoch 15
Epoch 16
Epoch 17
Epoch 18
Epoch 19
Epoch 20
Epoch 21
Epoch 22
Epoch 23
Epoch 24
Epoch 25
Epoch 26
Epoch 27
Epoch 28
Epoch 29
Epoch 30
Epoch 31
Epoch 32
Epoch 33
Epoch 34
Epoch 35
Epoch 36
Epoch 37
Epoch 38
Epoch 39
Epoch 40
Epoch 41
Epoch 42
Epoch 43
Epoch 44
Epoch 45
Epoch 46
Epoch 47
Epoch 48
Epoch 49
Epoch 50
Epoch 51
Epoch 52
Epoch 53
Epoch 54
Epoch 55
Epoch 56
Epoch 57
Epoch 58
Epoch 59
Epoch 60
Epoch 61
Epoch 62
Epoch 63
Epoch 64
Epoch 65
Epoch 66
Epoch 67
Epoch 68
Epoch 69
Epoch 70
Epoch 71
Epoch 72
Epoch 73
Epoch 74
Epoch 75
Epoch 76
Epoch 77
Epoch 78
Epoch 79
Epoch 80
Epoch 81
Epoch 82
Epoch 83
Epoch 84
Epoch 85
Epoch 86
Epoch 87
Epoch 88
Epoch 89
Epoch 90
Epoch 91
Epoch 92
Epoch 93
Epoch 94
Epoch 95
Epoch 96
Epoch 97
Epoch 98
Epoch 99
Epoch 99
Epoch 100
Epoch 101
Epoch 102
Epoch 103
Epoch 104
Epoch 105
Epoch 106
Epoch 107
Epoch 108
Epoch 109
Epoch 110
Epoch 111
Epoch 112
Epoch 113
Epoch 114
Epoch 115
Epoch 116
Epoch 117
Epoch 118
Epoch 119
Epoch 120
Epoch 121
Epoch 122
Epoch 123
Epoch 124
Epoch 125
Epoch 126
Epoch 127
Epoch 128
Epoch 129
Epoch 130
Epoch 131
Epoch 132
Epoch 133
Epoch 134
Epoch 135
Epoch 136
Epoch 137
Epoch 138
Epoch 139
Epoch 140
Epoch 141
Epoch 142
Epoch 143
Epoch 144
Epoch 145
Epoch 146
Epoch 147
Epoch 148
Epoch 149
Epoch 150
Epoch 151
Epoch 152
Epoch 153
Epoch 154
Epoch 155
Epoch 156
Epoch 157
Epoch 158
Epoch 159
Epoch 160
Epoch 161
Epoch 162
Epoch 163
Epoch 164
Epoch 165
Epoch 166
Epoch 167
Epoch 168
Epoch 169
Epoch 170
Epoch 171
Epoch 172
Epoch 173
Epoch 174
Epoch 175
Epoch 176
Epoch 177
Epoch 178
Epoch 179
Epoch 180
Epoch 181
Epoch 182
Epoch 183
Epoch 184
Epoch 185
Epoch 186
Epoch 187
Epoch 188
Epoch 189
Epoch 190
Epoch 191
Epoch 192
Epoch 193
Epoch 194
Epoch 195
Epoch 196
Epoch 197
Epoch 198
Epoch 199
Epoch 200
Epoch 201
Epoch 202
Epoch 203
Epoch 204
Epoch 205
Epoch 206
Epoch 207
Epoch 208
Epoch 209
Epoch 210
Epoch 211
Epoch 212
Epoch 213
Epoch 214
Epoch 215
Epoch 216
Epoch 217
Epoch 218
Epoch 219
Epoch 220
Epoch 221
Epoch 222
Epoch 223
SCALED MINIMUM ABSOLUTE NON-ZERO WEIGHT LESS THAN 3 S.F.:36
SCALED MINIMUM ABSOLUTE NON-ZERO WEIGHT LESS THAN 3 S.F.:36
SCALED MINIMUM ABSOLUTE NON-ZERO WEIGHT LESS THAN 3 S.F.:36
SCALED MINIMUM ABSOLUTE NON-ZERO WEIGHT LESS THAN 3 S.F.:36
SCALED MINIMUM ABSOLUTE NON-ZERO WEIGHT LESS THAN 3 S.F.:36
SCALED MINIMUM ABSOLUTE NON-ZERO WEIGHT LESS THAN 3 S.F.:72
SCALED MINIMUM ABSOLUTE NON-ZERO WEIGHT LESS THAN 3 S.F.:36
SCALED MINIMUM ABSOLUTE NON-ZERO WEIGHT LESS THAN 3 S.F.:36
SCALED MINIMUM ABSOLUTE NON-ZERO WEIGHT LESS THAN 3 S.F.:36
SCALED MINIMUM ABSOLUTE NON-ZERO WEIGHT LESS THAN 3 S.F.:36
SCALED MINIMUM ABSOLUTE NON-ZERO WEIGHT LESS THAN 3 S.F.:18
SCALED MINIMUM ABSOLUTE NON-ZERO WEIGHT LESS THAN 3 S.F.:18
SCALED MINIMUM ABSOLUTE NON-ZERO WEIGHT LESS THAN 3 S.F.:18
SCALED MINIMUM ABSOLUTE NON-ZERO WEIGHT LESS THAN 3 S.F.:11
SCALED MINIMUM ABSOLUTE NON-ZERO WEIGHT LESS THAN 3 S.F.:11
SCALED MINIMUM ABSOLUTE NON-ZERO WEIGHT LESS THAN 3 S.F.:11
SCALED MINIMUM ABSOLUTE NON-ZERO WEIGHT LESS THAN 3 S.F.:11
SCALED MINIMUM ABSOLUTE NON-ZERO WEIGHT LESS THAN 3 S.F.:22
SCALED MINIMUM ABSOLUTE NON-ZERO WEIGHT LESS THAN 3 S.F.:11
SCALED MINIMUM ABSOLUTE NON-ZERO WEIGHT LESS THAN 3 S.F.:11
SCALED MINIMUM ABSOLUTE NON-ZERO WEIGHT LESS THAN 3 S.F.:11
SCALED MINIMUM ABSOLUTE NON-ZERO WEIGHT LESS THAN 3 S.F.:11
SCALED MINIMUM ABSOLUTE NON-ZERO WEIGHT LESS THAN 3 S.F.:5
SCALED MINIMUM ABSOLUTE NON-ZERO WEIGHT LESS THAN 3 S.F.:11
SCALED MINIMUM ABSOLUTE NON-ZERO WEIGHT LESS THAN 3 S.F.:11
SCALED MINIMUM ABSOLUTE NON-ZERO WEIGHT LESS THAN 3 S.F.:6
Epoch 224
Epoch 225
Epoch 226
Epoch 227
Epoch 228
Epoch 229
Epoch 230
Epoch 231
Epoch 232
Epoch 233
Epoch 234
Epoch 235
Epoch 236
Epoch 237
Epoch 238
Epoch 239
Epoch 240
Epoch 241
SCALED MINIMUM ABSOLUTE NON-ZERO WEIGHT LESS THAN 3 S.F.:61
SCALED MINIMUM ABSOLUTE NON-ZERO WEIGHT LESS THAN 3 S.F.:61
SCALED MINIMUM ABSOLUTE NON-ZERO WEIGHT LESS THAN 3 S.F.:61
SCALED MINIMUM ABSOLUTE NON-ZERO WEIGHT LESS THAN 3 S.F.:61
SCALED MINIMUM ABSOLUTE NON-ZERO WEIGHT LESS THAN 3 S.F.:61
SCALED MINIMUM ABSOLUTE NON-ZERO WEIGHT LESS THAN 3 S.F.:61
SCALED MINIMUM ABSOLUTE NON-ZERO WEIGHT LESS THAN 3 S.F.:61
SCALED MINIMUM ABSOLUTE NON-ZERO WEIGHT LESS THAN 3 S.F.:61
SCALED MINIMUM ABSOLUTE NON-ZERO WEIGHT LESS THAN 3 S.F.:61
SCALED MINIMUM ABSOLUTE NON-ZERO WEIGHT LESS THAN 3 S.F.:46
SCALED MINIMUM ABSOLUTE NON-ZERO WEIGHT LESS THAN 3 S.F.:31
SCALED MINIMUM ABSOLUTE NON-ZERO WEIGHT LESS THAN 3 S.F.:31
Epoch 242
Epoch 243
SCALED MINIMUM ABSOLUTE NON-ZERO WEIGHT LESS THAN 3 S.F.:96
Epoch 244
Epoch 245
Epoch 246
Epoch 247
Epoch 248
Epoch 249
SCALED MINIMUM ABSOLUTE NON-ZERO WEIGHT LESS THAN 3 S.F.:80
SCALED MINIMUM ABSOLUTE NON-ZERO WEIGHT LESS THAN 3 S.F.:80
SCALED MINIMUM ABSOLUTE NON-ZERO WEIGHT LESS THAN 3 S.F.:80
SCALED MINIMUM ABSOLUTE NON-ZERO WEIGHT LESS THAN 3 S.F.:80
SCALED MINIMUM ABSOLUTE NON-ZERO WEIGHT LESS THAN 3 S.F.:80
SCALED MINIMUM ABSOLUTE NON-ZERO WEIGHT LESS THAN 3 S.F.:80
SCALED MINIMUM ABSOLUTE NON-ZERO WEIGHT LESS THAN 3 S.F.:80
SCALED MINIMUM ABSOLUTE NON-ZERO WEIGHT LESS THAN 3 S.F.:80
SCALED MINIMUM ABSOLUTE NON-ZERO WEIGHT LESS THAN 3 S.F.:80
SCALED MINIMUM ABSOLUTE NON-ZERO WEIGHT LESS THAN 3 S.F.:41
SCALED MINIMUM ABSOLUTE NON-ZERO WEIGHT LESS THAN 3 S.F.:40
SCALED MINIMUM ABSOLUTE NON-ZERO WEIGHT LESS THAN 3 S.F.:40
Epoch 250
Epoch 251
Epoch 252
Epoch 253
Epoch 254
Epoch 255
Epoch 256
Epoch 257
Epoch 258
Epoch 259
Epoch 260
Epoch 261
Epoch 262
Epoch 263
Epoch 264
Epoch 265
SCALED MINIMUM ABSOLUTE NON-ZERO WEIGHT LESS THAN 3 S.F.:85
SCALED MINIMUM ABSOLUTE NON-ZERO WEIGHT LESS THAN 3 S.F.:75
SCALED MINIMUM ABSOLUTE NON-ZERO WEIGHT LESS THAN 3 S.F.:85
Epoch 266
Epoch 267
Epoch 268
Epoch 269
Epoch 270
Epoch 271
Epoch 272
Epoch 273
Epoch 274
Epoch 275
Epoch 276
Epoch 277
Epoch 278
Epoch 279
Epoch 280
Epoch 281
Epoch 282
Epoch 283
Epoch 284
Epoch 285
Epoch 286
Epoch 287
Epoch 288
Epoch 289
Epoch 290
Epoch 291
Epoch 292
Epoch 293
Epoch 294
Epoch 295
Epoch 296
Epoch 297
Epoch 298
SCALED MINIMUM ABSOLUTE NON-ZERO WEIGHT LESS THAN 3 S.F.:61
SCALED MINIMUM ABSOLUTE NON-ZERO WEIGHT LESS THAN 3 S.F.:61
SCALED MINIMUM ABSOLUTE NON-ZERO WEIGHT LESS THAN 3 S.F.:61
SCALED MINIMUM ABSOLUTE NON-ZERO WEIGHT LESS THAN 3 S.F.:61
SCALED MINIMUM ABSOLUTE NON-ZERO WEIGHT LESS THAN 3 S.F.:61
SCALED MINIMUM ABSOLUTE NON-ZERO WEIGHT LESS THAN 3 S.F.:61
SCALED MINIMUM ABSOLUTE NON-ZERO WEIGHT LESS THAN 3 S.F.:61
SCALED MINIMUM ABSOLUTE NON-ZERO WEIGHT LESS THAN 3 S.F.:61
SCALED MINIMUM ABSOLUTE NON-ZERO WEIGHT LESS THAN 3 S.F.:61
SCALED MINIMUM ABSOLUTE NON-ZERO WEIGHT LESS THAN 3 S.F.:61
SCALED MINIMUM ABSOLUTE NON-ZERO WEIGHT LESS THAN 3 S.F.:61
SCALED MINIMUM ABSOLUTE NON-ZERO WEIGHT LESS THAN 3 S.F.:61
SCALED MINIMUM ABSOLUTE NON-ZERO WEIGHT LESS THAN 3 S.F.:61
SCALED MINIMUM ABSOLUTE NON-ZERO WEIGHT LESS THAN 3 S.F.:61
SCALED MINIMUM ABSOLUTE NON-ZERO WEIGHT LESS THAN 3 S.F.:61
SCALED MINIMUM ABSOLUTE NON-ZERO WEIGHT LESS THAN 3 S.F.:61
SCALED MINIMUM ABSOLUTE NON-ZERO WEIGHT LESS THAN 3 S.F.:61
SCALED MINIMUM ABSOLUTE NON-ZERO WEIGHT LESS THAN 3 S.F.:61
SCALED MINIMUM ABSOLUTE NON-ZERO WEIGHT LESS THAN 3 S.F.:61
SCALED MINIMUM ABSOLUTE NON-ZERO WEIGHT LESS THAN 3 S.F.:61
SCALED MINIMUM ABSOLUTE NON-ZERO WEIGHT LESS THAN 3 S.F.:61
SCALED MINIMUM ABSOLUTE NON-ZERO WEIGHT LESS THAN 3 S.F.:61
SCALED MINIMUM ABSOLUTE NON-ZERO WEIGHT LESS THAN 3 S.F.:61
SCALED MINIMUM ABSOLUTE NON-ZERO WEIGHT LESS THAN 3 S.F.:61
SCALED MINIMUM ABSOLUTE NON-ZERO WEIGHT LESS THAN 3 S.F.:61
SCALED MINIMUM ABSOLUTE NON-ZERO WEIGHT LESS THAN 3 S.F.:31
SCALED MINIMUM ABSOLUTE NON-ZERO WEIGHT LESS THAN 3 S.F.:32
SCALED MINIMUM ABSOLUTE NON-ZERO WEIGHT LESS THAN 3 S.F.:32
SCALED MINIMUM ABSOLUTE NON-ZERO WEIGHT LESS THAN 3 S.F.:32
SCALED MINIMUM ABSOLUTE NON-ZERO WEIGHT LESS THAN 3 S.F.:32
Epoch 299
[861.0617104301137, 849.9318722195601, 855.4642064734418, 852.1638365265012, 845.3428661734991, 847.0392945513756, 850.5250583033402, 851.0773768838478, 849.2039871351978, 846.8192010435504, 846.1338724848852, 841.2744070746242, 839.492603587521, 843.9063767508153, 844.0919381935839, 842.6039932430537, 842.952655223352, 846.9205067233797, 831.2053240326167, 840.0984644734291, 836.6749289035737, 832.5062595113411, 829.6156455190678, 830.622471796923, 835.0762624557598, 827.7458952513219, 830.9650303330764, 831.0750013345365, 833.2438796103512, 825.0071541288436, 830.3446486936256, 825.5212224943954, 826.4340490254517, 826.5132797104262, 824.6514284534417, 830.3218280588276, 825.4552399221208, 825.8008423520674, 824.790394443807, 820.921031201324, 817.9376041934854, 825.4500301503887, 821.7187094745958, 821.6515993137881, 820.9802043250091, 819.6843252524649, 828.0071072875459, 814.2755300913806, 823.2727451113809, 816.5882206054126, 814.8146529911895, 815.9387371503647, 815.3902921057683, 804.8840972912536, 816.7997639003453, 813.1145236178753, 814.8576907004816, 801.4593699820608, 805.9072632275644, 806.5451375092078, 807.6626660775568, 803.5114021749051, 797.0492341924415, 799.9735442652674, 799.9274165977845, 793.7478085830719, 793.2977893816092, 796.0048471607172, 799.2015973098848, 792.5178894285759, 790.0352950350434, 793.6162578106068, 792.4919126942661, 789.6909853345231, 787.4383446788311, 785.0100526024833, 781.3438039435765, 781.1043554727332, 784.4194384235084, 777.1373658978187, 780.127780442921, 784.0792857366245, 783.0501469808501, 778.0852229212273, 782.627662182587, 775.3543764496459, 772.5518762205518, 780.469178314596, 777.5109732768692, 772.3020735572571, 774.1619889159416, 770.1666963662125, 773.3700842943839, 775.7969940097144, 765.5585813034603, 770.7137234728029, 766.716982690909, 767.0178239392162, 766.204091635516, 764.1259130652969, 0.20709439233685892, 0.20500125031257815, 0.20878327942274197, 0.1983690923103697, 0.19635158372168365, 0.18890472261806546, 0.18731695209729463, 0.17933002481389576, 0.17306205899219587, 0.17116599655370476, 0.16811681168116813, 0.16306972344609563, 0.15462255728598354, 0.1518107242897159, 0.14628500311138767, 0.14557497883360726, 0.13979166146236668, 0.13740096666500573, 0.13586306557703806, 0.13071830354920602, 0.13209042065909035, 0.1289541961880052, 0.12823388664573054, 0.1258680121896388, 0.1238842643666633, 0.11891945526257036, 0.12615499254843515, 0.12479093337327442, 0.12422781377128218, 0.12135038771286807, 0.1199274822430835, 0.1165275874953294, 0.11639571082670357, 0.11411306432281262, 0.11780698909979796, 0.1146771911534738, 0.11501334464094186, 0.11350059737156513, 0.11444182665797785, 0.1141274514696342, 0.11226096737907762, 0.11213832392184299, 0.11060504243510291, 0.11289319905507897, 0.1103188750247574, 0.11113060038087602, 0.11068493150684931, 0.1089346992961451, 0.10885456949676901, 0.10877333266698318, 0.1112555627781389, 0.11053247950564374, 0.11180604006777636, 0.10878067007099262, 0.10497768792682628, 0.11000522531040832, 0.11318774673929338, 0.11131632805870315, 0.11102521259881795, 0.11205973864343495, 0.11024585049294898, 0.11070541480377546, 0.10630715941089985, 0.11204154656594772, 0.10955273881847047, 0.1101378913386221, 0.11259067872403858, 0.11237154346423076, 0.10873559793404845, 0.1119393744273013, 0.11629705390775064, 0.11484252653558376, 0.11575184963007398, 0.1196038030931162, 0.11807096725930731, 0.11779686407670027, 0.11728976596588657, 0.11793263126447086, 0.11895388781625335, 0.11742565866547025, 0.11717191862784207, 0.11765581210783463, 0.12418690103778737, 0.12004786955546139, 0.12173178248334822, 0.12162735554723574, 0.12169430748543254, 0.12565510046943693, 0.1258559504173539, 0.1255040573505252, 0.12711144427786106, 0.13120540930220995, 0.13102777639255975, 0.13119620805787702, 0.13251396648044694, 0.13613167900740444, 0.1377227648944896, 0.1380092188862589, 0.1374818740937047, 0.13872631683364745, 0.13923893321402828, 0.14126616339038792, 0.1443191415370858, 0.14392108999427106, 0.14031439534595866, 0.14370083624903843, 0.14652673663168414, 0.1488302264481421, 0.14739747830195712, 0.1465020371658551, 0.14087202943223626, 0.14127396166134185, 0.14170352333151118, 0.14967970288392032, 0.14259954921111945, 0.14438237119801364, 0.14939788950962135, 0.15112037519541427, 0.14819968690206992, 0.1511616262767875, 0.15349559294871795, 0.15362121555874864, 0.1510861180920152, 0.15359281437125746, 0.15452090095894142, 0.15581731248132283, 0.15852688118565675, 0.1621293566845847, 0.1639646829949618, 0.16970313741064336, 0.1733989168778258, 0.17584480600750937, 0.17286831326796576, 0.1749299337781195, 0.17424412653234464, 0.17392390516875264, 0.17510181782060197, 0.17552713100829417, 0.18117471749658512, 0.18307017980774024, 0.17826043439095185, 0.18252659973025626, 0.18032212008115622, 0.18112123860656762, 0.1816251061915946, 0.18673765246950613, 0.18566556299634046, 0.185206280025754, 0.18322757247729252, 0.18273402822801854, 0.18356438116647933, 0.18561021854106377, 0.1814874797558241, 0.18494821748655646, 0.1858131660193208, 0.1863555298786767, 0.1914090626939789, 0.1891911983348201, 0.1922806488875496, 0.18654290039959295, 0.1934662706830717, 0.18899897676508023, 0.19314345727788754, 0.1872320271213481, 0.186048256032004, 0.18935291645031277, 0.18439327940261357, 0.1824987605354487, 0.182320718377148, 0.17889540419986968, 0.1780355219319121, 0.17820198890610164, 0.17484066918940452, 0.17754882592712995, 0.173471171373636, 0.17611673171095477, 0.1777783322521084, 0.1756332688976477, 0.1774021661007708, 0.17821263866384146, 0.17702527866242038, 0.17649847781604033, 0.17566319782386264, 0.1786071392860714, 0.17437686939182453, 0.17444138580958757, 0.17520735710526975, 0.17456058972494545, 0.17667410434477399, 0.1723517055116535, 0.17897840863654538, 0.17961891460494814, 0.1825726141078838, 0.1770674148858882, 0.17736153884990155, 0.18438150977085607, 0.1790707492115523, 0.18276311175674997, 0.1833271213815381, 0.1848309275260976, 0.1828795707472178]
[0.8926, 0.8924, 0.8925, 0.8925, 0.8925, 0.8925, 0.8926, 0.8927, 0.8929, 0.8929, 0.8929, 0.8932, 0.8932, 0.8932, 0.8934, 0.8934, 0.8935, 0.8935, 0.8937, 0.8937, 0.8938, 0.894, 0.8939, 0.8937, 0.8935, 0.8932, 0.8933, 0.8931, 0.893, 0.893, 0.893, 0.8928, 0.8929, 0.8927, 0.892, 0.8913, 0.8897, 0.8878, 0.8859, 0.8804, 0.8743, 0.8679, 0.8642, 0.8563, 0.8438, 0.8344, 0.8307, 0.8267, 0.8147, 0.804, 0.8017, 0.7997, 0.799, 0.789, 0.7901, 0.7918, 0.7905, 0.8044, 0.8064, 0.8237, 0.8328, 0.8414, 0.848, 0.8853, 0.8928, 0.8966, 0.9077, 0.9122, 0.913, 0.9144, 0.9149, 0.9168, 0.9191, 0.9198, 0.9259, 0.9295, 0.9291, 0.9297, 0.9298, 0.9303, 0.9285, 0.9267, 0.9268, 0.9268, 0.9268, 0.9266, 0.9255, 0.9251, 0.9231, 0.9227, 0.9223, 0.9207, 0.9207, 0.9202, 0.9198, 0.9186, 0.9173, 0.9169, 0.9164, 0.9151, 0.9162, 0.9159, 0.9166, 0.9188, 0.9206, 0.9241, 0.925, 0.9281, 0.9292, 0.9296, 0.9327, 0.9343, 0.9369, 0.9386, 0.9397, 0.9411, 0.9422, 0.9428, 0.9439, 0.9448, 0.9452, 0.9455, 0.946, 0.9467, 0.9477, 0.9479, 0.9478, 0.9483, 0.9492, 0.9502, 0.9511, 0.9512, 0.952, 0.9521, 0.9522, 0.9524, 0.9523, 0.9524, 0.9523, 0.9524, 0.9527, 0.9531, 0.9535, 0.9541, 0.9545, 0.9546, 0.955, 0.9547, 0.955, 0.9551, 0.9549, 0.955, 0.9549, 0.9548, 0.9547, 0.9548, 0.9546, 0.9548, 0.9557, 0.9556, 0.9562, 0.9565, 0.9562, 0.9562, 0.9562, 0.9563, 0.9564, 0.9564, 0.9564, 0.9554, 0.9548, 0.9541, 0.9541, 0.9541, 0.954, 0.9539, 0.9539, 0.9544, 0.9544, 0.9544, 0.9545, 0.953, 0.9531, 0.9532, 0.953, 0.9529, 0.9529, 0.9525, 0.9525, 0.9511, 0.9503, 0.9489, 0.9489, 0.9487, 0.9484, 0.9471, 0.9466, 0.9466, 0.9466, 0.946, 0.9459, 0.9455, 0.9455, 0.9453, 0.9438, 0.9432, 0.9433, 0.9437, 0.9438, 0.9454, 0.9456, 0.9448, 0.9443, 0.944, 0.9443, 0.9432, 0.9424, 0.9425, 0.9414, 0.9413, 0.9405, 0.9405, 0.9404, 0.9404, 0.9393, 0.9369, 0.9349, 0.9339, 0.9329, 0.9305, 0.9292, 0.9292, 0.9291, 0.9298, 0.9298, 0.9299, 0.9298, 0.9295, 0.9269, 0.9264, 0.9261, 0.9261, 0.9261, 0.9257, 0.9256, 0.9252, 0.9249, 0.925, 0.925, 0.9252, 0.9257, 0.9254, 0.9252, 0.9245, 0.9239, 0.9239, 0.9242, 0.9241, 0.9232, 0.9228, 0.9219, 0.9223, 0.9224, 0.9249, 0.9254, 0.9254, 0.9259, 0.9265, 0.927, 0.9279, 0.9289, 0.9292, 0.9292, 0.9291, 0.9291, 0.929, 0.9289, 0.9291, 0.9291, 0.9291, 0.9291, 0.9291, 0.9296, 0.9295, 0.9295, 0.9299, 0.9298, 0.9291, 0.9289, 0.9286, 0.9285, 0.9283, 0.9285, 0.9285, 0.9287, 0.9274, 0.9275, 0.9275, 0.9251, 0.9251, 0.925]
